#
# There is insufficient memory for the Java Runtime Environment to continue.
# Native memory allocation (malloc) failed to allocate 1048576 bytes. Error detail: AllocateHeap
# Possible reasons:
#   The system is out of physical RAM or swap space
#   This process is running with CompressedOops enabled, and the Java Heap may be blocking the growth of the native heap
# Possible solutions:
#   Reduce memory load on the system
#   Increase physical memory or swap space
#   Check if swap backing store is full
#   Decrease Java heap size (-Xmx/-Xms)
#   Decrease number of Java threads
#   Decrease Java thread stack sizes (-Xss)
#   Set larger code cache with -XX:ReservedCodeCacheSize=
#   JVM is running with Zero Based Compressed Oops mode in which the Java heap is
#     placed in the first 32GB address space. The Java Heap base address is the
#     maximum limit for the native heap growth. Please use -XX:HeapBaseMinAddress
#     to set the Java Heap base and to place the Java Heap above 32GB virtual address.
# This output file may be truncated or incomplete.
#
#  Out of Memory Error (allocation.cpp:44), pid=52008, tid=38000
#
# JRE version:  (21.0.8+9) (build )
# Java VM: OpenJDK 64-Bit Server VM (21.0.8+9-LTS, mixed mode, sharing, tiered, compressed oops, compressed class ptrs, g1 gc, windows-amd64)
# No core dump will be written. Minidumps are not enabled by default on client versions of Windows
#

---------------  S U M M A R Y ------------

Command Line: -Dmaven.multiModuleProjectDirectory=D:\ENSET\SEMESTRE5\SYSTEME PARALLELES DISTRIBUES\examen_systeme_distribue -Djansi.passthrough=true -Dmaven.home=C:\Program Files\JetBrains\IntelliJ IDEA 2024.3.5\plugins\maven\lib\maven3 -Dclassworlds.conf=C:\Program Files\JetBrains\IntelliJ IDEA 2024.3.5\plugins\maven\lib\maven3\bin\m2.conf -Dmaven.ext.class.path=C:\Program Files\JetBrains\IntelliJ IDEA 2024.3.5\plugins\maven\lib\maven-event-listener.jar -javaagent:C:\Program Files\JetBrains\IntelliJ IDEA 2024.3.5\lib\idea_rt.jar=53094 -Dfile.encoding=UTF-8 -Dsun.stdout.encoding=UTF-8 -Dsun.stderr.encoding=UTF-8 org.codehaus.classworlds.Launcher -Didea.version=2024.3.5 clean

Host: Intel(R) Core(TM) i7-9850H CPU @ 2.60GHz, 12 cores, 31G,  Windows 11 , 64 bit Build 26100 (10.0.26100.7623)
Time: Wed Jan 21 22:23:25 2026 elapsed time: 0.013322 seconds (0d 0h 0m 0s)

---------------  T H R E A D  ---------------

Current thread (0x00000269c47514f0):  JavaThread "Unknown thread" [_thread_in_vm, id=38000, stack(0x000000fd24f00000,0x000000fd25000000) (1024K)]

Stack: [0x000000fd24f00000,0x000000fd25000000]
Native frames: (J=compiled Java code, j=interpreted, Vv=VM code, C=native code)
V  [jvm.dll+0x6deaf9]
V  [jvm.dll+0x8bccc3]
V  [jvm.dll+0x8bf07e]
V  [jvm.dll+0x8bf763]
V  [jvm.dll+0x287836]
V  [jvm.dll+0xc15f7]
V  [jvm.dll+0x33dc75]
V  [jvm.dll+0x336371]
V  [jvm.dll+0x884fd9]
V  [jvm.dll+0x3c9021]
V  [jvm.dll+0x86e203]
V  [jvm.dll+0x45cfae]
V  [jvm.dll+0x45ec31]
C  [jli.dll+0x52ab]
C  [ucrtbase.dll+0x37b0]
C  [KERNEL32.DLL+0x2e8d7]
C  [ntdll.dll+0x8c53c]


---------------  P R O C E S S  ---------------

Threads class SMR info:
_java_thread_list=0x00007ffa02211188, length=0, elements={
}

Java Threads: ( => current thread )
Total: 0

Other Threads:
  0x00000269e6300b00 WorkerThread "GC Thread#0"                     [id=3228, stack(0x000000fd25000000,0x000000fd25100000) (1024K)]

[error occurred during error reporting (printing all threads), id 0xc0000005, EXCEPTION_ACCESS_VIOLATION (0xc0000005) at pc=0x00007ffa01902860]
VM state: not at safepoint (not fully initialized)

VM Mutex/Monitor currently owned by a thread:  ([mutex/lock_event])
[0x00007ffa022854f8] Heap_lock - owner thread: 0x00000269c47514f0

Heap address: 0x0000000603000000, size: 8144 MB, Compressed Oops mode: Zero based, Oop shift amount: 3

CDS archive(s) mapped at: [0x0000000000000000-0x0000000000000000-0x0000000000000000), size 0, SharedBaseAddress: 0x0000000800000000, ArchiveRelocationMode: 1.
Narrow klass base: 0x0000000000000000, Narrow klass shift: 0, Narrow klass range: 0x0

GC Precious Log:
 CardTable entry size: 512
 Card Set container configuration: InlinePtr #cards 4 size 8 Array Of Cards #cards 32 size 80 Howl #buckets 8 coarsen threshold 7372 Howl Bitmap #cards 1024 size 144 coarsen threshold 921 Card regions per heap region 1 cards per card region 8192

Heap:
 garbage-first heap   total 0K, used 0K [0x0000000603000000, 0x0000000800000000)
  region size 4096K, 0 young (0K), 0 survivors (0K)

[error occurred during error reporting (printing heap information), id 0xc0000005, EXCEPTION_ACCESS_VIOLATION (0xc0000005) at pc=0x00007ffa01cf82f9]
GC Heap History (0 events):
No events

Dll operation events (1 events):
Event: 0.009 Loaded shared library C:\Users\pc\.jdks\corretto-21.0.8\bin\java.dll

Deoptimization events (0 events):
No events

Classes loaded (0 events):
No events

Classes unloaded (0 events):
No events

Classes redefined (0 events):
No events

Internal exceptions (0 events):
No events

ZGC Phase Switch (0 events):
No events

VM Operations (0 events):
No events

Memory protections (0 events):
No events

Nmethod flushes (0 events):
No events

Events (0 events):
No events


Dynamic libraries:
0x00007ff629680000 - 0x00007ff62968e000 	C:\Users\pc\.jdks\corretto-21.0.8\bin\java.exe
0x00007ffa8d020000 - 0x00007ffa8d287000 	C:\WINDOWS\SYSTEM32\ntdll.dll
0x00007ffa479a0000 - 0x00007ffa479c0000 	C:\Program Files\Avast Software\Avast\aswhook.dll
0x00007ffa8c8e0000 - 0x00007ffa8c9a9000 	C:\WINDOWS\System32\KERNEL32.DLL
0x00007ffa8a2e0000 - 0x00007ffa8a6cf000 	C:\WINDOWS\System32\KERNELBASE.dll
0x00007ffa8ac70000 - 0x00007ffa8adbb000 	C:\WINDOWS\System32\ucrtbase.dll
0x00007ffa84c10000 - 0x00007ffa84c28000 	C:\Users\pc\.jdks\corretto-21.0.8\bin\jli.dll
0x00007ffa84bf0000 - 0x00007ffa84c0b000 	C:\Users\pc\.jdks\corretto-21.0.8\bin\VCRUNTIME140.dll
0x00007ffa8b5e0000 - 0x00007ffa8b7a5000 	C:\WINDOWS\System32\USER32.dll
0x00007ffa6ca30000 - 0x00007ffa6ccc3000 	C:\WINDOWS\WinSxS\amd64_microsoft.windows.common-controls_6595b64144ccf1df_6.0.26100.7309_none_3e05feeae336a044\COMCTL32.dll
0x00007ffa8aae0000 - 0x00007ffa8ab07000 	C:\WINDOWS\System32\win32u.dll
0x00007ffa8c5c0000 - 0x00007ffa8c669000 	C:\WINDOWS\System32\msvcrt.dll
0x00007ffa8ce00000 - 0x00007ffa8ce2b000 	C:\WINDOWS\System32\GDI32.dll
0x00007ffa8a920000 - 0x00007ffa8aa4c000 	C:\WINDOWS\System32\gdi32full.dll
0x00007ffa8abc0000 - 0x00007ffa8ac63000 	C:\WINDOWS\System32\msvcp_win.dll
0x00007ffa8b890000 - 0x00007ffa8b8c1000 	C:\WINDOWS\System32\IMM32.DLL
0x00007ffa86c00000 - 0x00007ffa86c0c000 	C:\Users\pc\.jdks\corretto-21.0.8\bin\vcruntime140_1.dll
0x00007ffa6f4b0000 - 0x00007ffa6f53d000 	C:\Users\pc\.jdks\corretto-21.0.8\bin\msvcp140.dll
0x00007ffa015c0000 - 0x00007ffa02367000 	C:\Users\pc\.jdks\corretto-21.0.8\bin\server\jvm.dll
0x00007ffa8b080000 - 0x00007ffa8b134000 	C:\WINDOWS\System32\ADVAPI32.dll
0x00007ffa8af40000 - 0x00007ffa8afe6000 	C:\WINDOWS\System32\sechost.dll
0x00007ffa8c670000 - 0x00007ffa8c788000 	C:\WINDOWS\System32\RPCRT4.dll
0x00007ffa8adc0000 - 0x00007ffa8ae34000 	C:\WINDOWS\System32\WS2_32.dll
0x00007ffa89a20000 - 0x00007ffa89a7e000 	C:\WINDOWS\SYSTEM32\POWRPROF.dll
0x00007ffa769c0000 - 0x00007ffa769f5000 	C:\WINDOWS\SYSTEM32\WINMM.dll
0x00007ffa81ca0000 - 0x00007ffa81cab000 	C:\WINDOWS\SYSTEM32\VERSION.dll
0x00007ffa899b0000 - 0x00007ffa899c4000 	C:\WINDOWS\SYSTEM32\UMPDC.dll
0x00007ffa88ee0000 - 0x00007ffa88efb000 	C:\WINDOWS\SYSTEM32\kernel.appcore.dll
0x00007ffa84e50000 - 0x00007ffa84e5a000 	C:\Users\pc\.jdks\corretto-21.0.8\bin\jimage.dll
0x00007ffa87310000 - 0x00007ffa87552000 	C:\WINDOWS\SYSTEM32\DBGHELP.DLL
0x00007ffa8b240000 - 0x00007ffa8b5c6000 	C:\WINDOWS\System32\combase.dll
0x00007ffa8b7b0000 - 0x00007ffa8b886000 	C:\WINDOWS\System32\OLEAUT32.dll
0x00007ffa80510000 - 0x00007ffa8054c000 	C:\WINDOWS\SYSTEM32\dbgcore.DLL
0x00007ffa8ab10000 - 0x00007ffa8abb5000 	C:\WINDOWS\System32\bcryptPrimitives.dll
0x00007ffa84be0000 - 0x00007ffa84bee000 	C:\Users\pc\.jdks\corretto-21.0.8\bin\instrument.dll
0x00007ffa72c10000 - 0x00007ffa72c2f000 	C:\Users\pc\.jdks\corretto-21.0.8\bin\java.dll

JVMTI agents:
C:\Program Files\JetBrains\IntelliJ IDEA 2024.3.5\lib\idea_rt.jar path:none, loaded, not initialized, instrumentlib options:53094

dbghelp: loaded successfully - version: 4.0.5 - missing functions: none
symbol engine: initialized successfully - sym options: 0x614 - pdb path: .;C:\Users\pc\.jdks\corretto-21.0.8\bin;C:\WINDOWS\SYSTEM32;C:\Program Files\Avast Software\Avast;C:\WINDOWS\WinSxS\amd64_microsoft.windows.common-controls_6595b64144ccf1df_6.0.26100.7309_none_3e05feeae336a044;C:\Users\pc\.jdks\corretto-21.0.8\bin\server

VM Arguments:
jvm_args: -Dmaven.multiModuleProjectDirectory=D:\ENSET\SEMESTRE5\SYSTEME PARALLELES DISTRIBUES\examen_systeme_distribue -Djansi.passthrough=true -Dmaven.home=C:\Program Files\JetBrains\IntelliJ IDEA 2024.3.5\plugins\maven\lib\maven3 -Dclassworlds.conf=C:\Program Files\JetBrains\IntelliJ IDEA 2024.3.5\plugins\maven\lib\maven3\bin\m2.conf -Dmaven.ext.class.path=C:\Program Files\JetBrains\IntelliJ IDEA 2024.3.5\plugins\maven\lib\maven-event-listener.jar -javaagent:C:\Program Files\JetBrains\IntelliJ IDEA 2024.3.5\lib\idea_rt.jar=53094 -Dfile.encoding=UTF-8 -Dsun.stdout.encoding=UTF-8 -Dsun.stderr.encoding=UTF-8 
java_command: org.codehaus.classworlds.Launcher -Didea.version=2024.3.5 clean
java_class_path (initial): C:\Program Files\JetBrains\IntelliJ IDEA 2024.3.5\plugins\maven\lib\maven3\boot\plexus-classworlds-2.8.0.jar;C:\Program Files\JetBrains\IntelliJ IDEA 2024.3.5\plugins\maven\lib\maven3\boot\plexus-classworlds.license
Launcher Type: SUN_STANDARD

[Global flags]
     intx CICompilerCount                          = 4                                         {product} {ergonomic}
     uint ConcGCThreads                            = 3                                         {product} {ergonomic}
     uint G1ConcRefinementThreads                  = 10                                        {product} {ergonomic}
   size_t G1HeapRegionSize                         = 4194304                                   {product} {ergonomic}
    uintx GCDrainStackTargetSize                   = 64                                        {product} {ergonomic}
   size_t InitialHeapSize                          = 536870912                                 {product} {ergonomic}
   size_t MarkStackSize                            = 4194304                                   {product} {ergonomic}
   size_t MaxHeapSize                              = 8539602944                                {product} {ergonomic}
   size_t MinHeapDeltaBytes                        = 4194304                                   {product} {ergonomic}
   size_t MinHeapSize                              = 8388608                                   {product} {ergonomic}
    uintx NonNMethodCodeHeapSize                   = 5839372                                {pd product} {ergonomic}
    uintx NonProfiledCodeHeapSize                  = 122909434                              {pd product} {ergonomic}
    uintx ProfiledCodeHeapSize                     = 122909434                              {pd product} {ergonomic}
    uintx ReservedCodeCacheSize                    = 251658240                              {pd product} {ergonomic}
     bool SegmentedCodeCache                       = true                                      {product} {ergonomic}
   size_t SoftMaxHeapSize                          = 8539602944                             {manageable} {ergonomic}
     bool UseCompressedOops                        = true                           {product lp64_product} {ergonomic}
     bool UseG1GC                                  = true                                      {product} {ergonomic}
     bool UseLargePagesIndividualAllocation        = false                                  {pd product} {ergonomic}

Logging:
Log output configuration:
 #0: stdout all=warning uptime,level,tags foldmultilines=false
 #1: stderr all=off uptime,level,tags foldmultilines=false

Environment Variables:
JAVA_HOME=C:\Users\pc\.jdks\corretto-21.0.8
PATH=C:\Program Files\NVIDIA GPU Computing Toolkit\CUDA\v12.1\bin;C:\Program Files\NVIDIA GPU Computing Toolkit\CUDA\v12.1\libnvvp;C:\Program Files (x86)\VMware\VMware Workstation\bin\;C:\Users\pc\.jdks\corretto-21.0.8;C:\WINDOWS\system32;C:\WINDOWS;C:\WINDOWS\System32\Wbem;C:\WINDOWS\System32\WindowsPowerShell\v1.0\;C:\WINDOWS\System32\OpenSSH\;C:\Program Files\Git\cmd;C:\Program Files\nodejs\;C:\Users\pc\anaconda3;C:\Users\pc\anaconda3\Scripts;C:\Users\pc\AppData\Local\Muse Hub\lib;C:\Program Files\Docker\Docker\resources\bin;C:\ProgramData\chocolatey\bin;C:\Program Files\JetBrains\IntelliJ IDEA 2024.3.5\bin;C:\Program Files (x86)\NVIDIA Corporation\PhysX\Common;C:\Program Files\PowerShell\7\;C:\Users\pc\AppData\Local\Programs\Python\Python311\Scripts\;C:\Users\pc\AppData\Local\Programs\Python\Python311\;C:\hadoop\bin;C:\Users\pc\AppData\Local\Programs\cursor\resources\app\bin;C:\Users\pc\AppData\Local\Programs\Microsoft VS Code\bin;C:\Users\pc\AppData\Roaming\npm;C:\Program Files\JetBrains\PyCharm 2025.2.4\bin;C:\ffmpeg\bin;C:\Program Files\JetBrains\IntelliJ IDEA 2024.3.5\plugins\maven\lib\maven3\bin;C:\Users\pc\.jdks\corretto-21.0.8\bin;
USERNAME=pc
OS=Windows_NT
PROCESSOR_IDENTIFIER=Intel64 Family 6 Model 158 Stepping 13, GenuineIntel
TMP=C:\Users\pc\AppData\Local\Temp
TEMP=C:\Users\pc\AppData\Local\Temp




Periodic native trim disabled

---------------  S Y S T E M  ---------------

OS:
 Windows 11 , 64 bit Build 26100 (10.0.26100.7623)
OS uptime: 1 days 8:22 hours
Hyper-V role detected

CPU: total 12 (initial active 12) (6 cores per cpu, 2 threads per core) family 6 model 158 stepping 13 microcode 0x100, cx8, cmov, fxsr, ht, mmx, 3dnowpref, sse, sse2, sse3, ssse3, sse4.1, sse4.2, popcnt, lzcnt, tsc, tscinvbit, avx, avx2, aes, erms, clmul, bmi1, bmi2, adx, fma, vzeroupper, clflush, clflushopt, hv, rdtscp, f16c
Processor Information for the first 12 processors :
  Max Mhz: 2592, Current Mhz: 2592, Mhz Limit: 2592

Memory: 4k page, system-wide physical 32575M (8783M free)
TotalPageFile size 69308M (AvailPageFile size 5M)
current process WorkingSet (physical memory assigned to process): 13M, peak: 13M
current process commit charge ("private bytes"): 61M, peak: 62M

vm_info: OpenJDK 64-Bit Server VM (21.0.8+9-LTS) for windows-amd64 JRE (21.0.8+9-LTS), built on 2025-07-09T19:22:31Z by "Administrator" with MS VC++ 16.10 / 16.11 (VS2019)

END.
